[12-Jan-2024 11:13:36 Europe/Berlin] PHP Fatal error:  Call to undefined function random_bytes() in /homepages/20/d376353883/htdocs/new_website/onlineinquiry.php on line 4
[12-Jan-2024 11:14:45 Europe/Berlin] PHP Fatal error:  Call to undefined function random_bytes() in /homepages/20/d376353883/htdocs/new_website/onlineinquiry.php on line 4
[12-Jan-2024 11:17:26 Europe/Berlin] PHP Fatal error:  Call to undefined function random_bytes() in /homepages/20/d376353883/htdocs/new_website/onlineinquiry.php on line 4
[12-Jan-2024 11:17:32 Europe/Berlin] PHP Fatal error:  Call to undefined function random_bytes() in /homepages/20/d376353883/htdocs/new_website/onlineinquiry.php on line 4
[12-Jan-2024 11:19:18 Europe/Berlin] PHP Fatal error:  Call to undefined function random_bytes() in /homepages/20/d376353883/htdocs/new_website/onlineinquiry.php on line 4
[12-Jan-2024 11:19:20 Europe/Berlin] PHP Fatal error:  Call to undefined function random_bytes() in /homepages/20/d376353883/htdocs/new_website/onlineinquiry.php on line 4
[22-Feb-2024 12:08:26 UTC] PHP Deprecated:  Constant FILTER_SANITIZE_STRING is deprecated in /homepages/20/d376353883/htdocs/new_website/submitinquiry.php on line 16
[22-Feb-2024 12:08:26 UTC] PHP Deprecated:  Constant FILTER_SANITIZE_STRING is deprecated in /homepages/20/d376353883/htdocs/new_website/submitinquiry.php on line 17
[22-Feb-2024 12:08:26 UTC] PHP Deprecated:  Constant FILTER_SANITIZE_STRING is deprecated in /homepages/20/d376353883/htdocs/new_website/submitinquiry.php on line 19
[22-Feb-2024 12:08:26 UTC] PHP Deprecated:  Constant FILTER_SANITIZE_STRING is deprecated in /homepages/20/d376353883/htdocs/new_website/submitinquiry.php on line 20
[22-Feb-2024 12:08:26 UTC] PHP Deprecated:  Constant FILTER_SANITIZE_STRING is deprecated in /homepages/20/d376353883/htdocs/new_website/submitinquiry.php on line 21
[22-Feb-2024 12:08:26 UTC] PHP Deprecated:  Constant FILTER_SANITIZE_STRING is deprecated in /homepages/20/d376353883/htdocs/new_website/submitinquiry.php on line 22
[22-Feb-2024 12:08:26 UTC] PHP Deprecated:  Constant FILTER_SANITIZE_STRING is deprecated in /homepages/20/d376353883/htdocs/new_website/submitinquiry.php on line 23
[22-Feb-2024 12:08:26 UTC] PHP Deprecated:  Constant FILTER_SANITIZE_STRING is deprecated in /homepages/20/d376353883/htdocs/new_website/submitinquiry.php on line 24
[22-Feb-2024 12:08:26 UTC] PHP Deprecated:  Constant FILTER_SANITIZE_STRING is deprecated in /homepages/20/d376353883/htdocs/new_website/submitinquiry.php on line 25
[22-Feb-2024 12:08:26 UTC] PHP Warning:  Undefined array key "parkingOldAlternative" in /homepages/20/d376353883/htdocs/new_website/submitinquiry.php on line 26
[22-Feb-2024 12:08:26 UTC] PHP Deprecated:  Constant FILTER_SANITIZE_STRING is deprecated in /homepages/20/d376353883/htdocs/new_website/submitinquiry.php on line 26
[22-Feb-2024 12:08:26 UTC] PHP Deprecated:  Constant FILTER_SANITIZE_STRING is deprecated in /homepages/20/d376353883/htdocs/new_website/submitinquiry.php on line 27
[22-Feb-2024 12:08:26 UTC] PHP Deprecated:  Constant FILTER_SANITIZE_STRING is deprecated in /homepages/20/d376353883/htdocs/new_website/submitinquiry.php on line 28
[22-Feb-2024 12:08:26 UTC] PHP Warning:  Undefined array key "liftOld" in /homepages/20/d376353883/htdocs/new_website/submitinquiry.php on line 29
[22-Feb-2024 12:08:26 UTC] PHP Deprecated:  Constant FILTER_SANITIZE_STRING is deprecated in /homepages/20/d376353883/htdocs/new_website/submitinquiry.php on line 29
[22-Feb-2024 12:08:26 UTC] PHP Warning:  Undefined array key "strasseNeu" in /homepages/20/d376353883/htdocs/new_website/submitinquiry.php on line 30
[22-Feb-2024 12:08:26 UTC] PHP Deprecated:  Constant FILTER_SANITIZE_STRING is deprecated in /homepages/20/d376353883/htdocs/new_website/submitinquiry.php on line 30
[22-Feb-2024 12:08:26 UTC] PHP Deprecated:  Constant FILTER_SANITIZE_STRING is deprecated in /homepages/20/d376353883/htdocs/new_website/submitinquiry.php on line 31
[22-Feb-2024 12:08:26 UTC] PHP Deprecated:  Constant FILTER_SANITIZE_STRING is deprecated in /homepages/20/d376353883/htdocs/new_website/submitinquiry.php on line 32
[22-Feb-2024 12:08:26 UTC] PHP Deprecated:  Constant FILTER_SANITIZE_STRING is deprecated in /homepages/20/d376353883/htdocs/new_website/submitinquiry.php on line 33
[22-Feb-2024 12:08:26 UTC] PHP Deprecated:  Constant FILTER_SANITIZE_STRING is deprecated in /homepages/20/d376353883/htdocs/new_website/submitinquiry.php on line 34
[22-Feb-2024 12:08:26 UTC] PHP Deprecated:  Constant FILTER_SANITIZE_STRING is deprecated in /homepages/20/d376353883/htdocs/new_website/submitinquiry.php on line 35
[22-Feb-2024 12:08:26 UTC] PHP Warning:  Undefined array key "parkingNeuAlternative" in /homepages/20/d376353883/htdocs/new_website/submitinquiry.php on line 36
[22-Feb-2024 12:08:26 UTC] PHP Deprecated:  Constant FILTER_SANITIZE_STRING is deprecated in /homepages/20/d376353883/htdocs/new_website/submitinquiry.php on line 36
[22-Feb-2024 12:08:26 UTC] PHP Deprecated:  Constant FILTER_SANITIZE_STRING is deprecated in /homepages/20/d376353883/htdocs/new_website/submitinquiry.php on line 37
[22-Feb-2024 12:08:26 UTC] PHP Deprecated:  Constant FILTER_SANITIZE_STRING is deprecated in /homepages/20/d376353883/htdocs/new_website/submitinquiry.php on line 38
[22-Feb-2024 12:08:26 UTC] PHP Warning:  Undefined array key "liftNeu" in /homepages/20/d376353883/htdocs/new_website/submitinquiry.php on line 39
[22-Feb-2024 12:08:26 UTC] PHP Deprecated:  Constant FILTER_SANITIZE_STRING is deprecated in /homepages/20/d376353883/htdocs/new_website/submitinquiry.php on line 39
[22-Feb-2024 12:08:26 UTC] PHP Deprecated:  Constant FILTER_SANITIZE_STRING is deprecated in /homepages/20/d376353883/htdocs/new_website/submitinquiry.php on line 40
[22-Feb-2024 12:08:26 UTC] PHP Deprecated:  Constant FILTER_SANITIZE_STRING is deprecated in /homepages/20/d376353883/htdocs/new_website/submitinquiry.php on line 41
[22-Feb-2024 12:08:26 UTC] PHP Deprecated:  Constant FILTER_SANITIZE_STRING is deprecated in /homepages/20/d376353883/htdocs/new_website/submitinquiry.php on line 44
[22-Feb-2024 12:08:26 UTC] PHP Deprecated:  Constant FILTER_SANITIZE_STRING is deprecated in /homepages/20/d376353883/htdocs/new_website/submitinquiry.php on line 45
[22-Feb-2024 12:08:26 UTC] PHP Deprecated:  Constant FILTER_SANITIZE_STRING is deprecated in /homepages/20/d376353883/htdocs/new_website/submitinquiry.php on line 46
[22-Feb-2024 12:08:26 UTC] PHP Deprecated:  Constant FILTER_SANITIZE_STRING is deprecated in /homepages/20/d376353883/htdocs/new_website/submitinquiry.php on line 47
[22-Feb-2024 12:08:26 UTC] PHP Deprecated:  Constant FILTER_SANITIZE_STRING is deprecated in /homepages/20/d376353883/htdocs/new_website/submitinquiry.php on line 48
[22-Feb-2024 12:08:26 UTC] PHP Deprecated:  Constant FILTER_SANITIZE_STRING is deprecated in /homepages/20/d376353883/htdocs/new_website/submitinquiry.php on line 49
[22-Feb-2024 19:40:46 UTC] PHP Deprecated:  Constant FILTER_SANITIZE_STRING is deprecated in /homepages/20/d376353883/htdocs/new_website/submitinquiry.php on line 16
[22-Feb-2024 19:40:46 UTC] PHP Deprecated:  Constant FILTER_SANITIZE_STRING is deprecated in /homepages/20/d376353883/htdocs/new_website/submitinquiry.php on line 17
[22-Feb-2024 19:40:46 UTC] PHP Deprecated:  Constant FILTER_SANITIZE_STRING is deprecated in /homepages/20/d376353883/htdocs/new_website/submitinquiry.php on line 19
[22-Feb-2024 19:40:46 UTC] PHP Deprecated:  Constant FILTER_SANITIZE_STRING is deprecated in /homepages/20/d376353883/htdocs/new_website/submitinquiry.php on line 20
[22-Feb-2024 19:40:46 UTC] PHP Deprecated:  Constant FILTER_SANITIZE_STRING is deprecated in /homepages/20/d376353883/htdocs/new_website/submitinquiry.php on line 21
[22-Feb-2024 19:40:46 UTC] PHP Deprecated:  Constant FILTER_SANITIZE_STRING is deprecated in /homepages/20/d376353883/htdocs/new_website/submitinquiry.php on line 22
[22-Feb-2024 19:40:46 UTC] PHP Deprecated:  Constant FILTER_SANITIZE_STRING is deprecated in /homepages/20/d376353883/htdocs/new_website/submitinquiry.php on line 23
[22-Feb-2024 19:40:46 UTC] PHP Deprecated:  Constant FILTER_SANITIZE_STRING is deprecated in /homepages/20/d376353883/htdocs/new_website/submitinquiry.php on line 24
[22-Feb-2024 19:40:46 UTC] PHP Deprecated:  Constant FILTER_SANITIZE_STRING is deprecated in /homepages/20/d376353883/htdocs/new_website/submitinquiry.php on line 25
[22-Feb-2024 19:40:46 UTC] PHP Warning:  Undefined array key "parkingOldAlternative" in /homepages/20/d376353883/htdocs/new_website/submitinquiry.php on line 26
[22-Feb-2024 19:40:46 UTC] PHP Deprecated:  Constant FILTER_SANITIZE_STRING is deprecated in /homepages/20/d376353883/htdocs/new_website/submitinquiry.php on line 26
[22-Feb-2024 19:40:46 UTC] PHP Deprecated:  Constant FILTER_SANITIZE_STRING is deprecated in /homepages/20/d376353883/htdocs/new_website/submitinquiry.php on line 27
[22-Feb-2024 19:40:46 UTC] PHP Deprecated:  Constant FILTER_SANITIZE_STRING is deprecated in /homepages/20/d376353883/htdocs/new_website/submitinquiry.php on line 28
[22-Feb-2024 19:40:46 UTC] PHP Warning:  Undefined array key "liftOld" in /homepages/20/d376353883/htdocs/new_website/submitinquiry.php on line 29
[22-Feb-2024 19:40:46 UTC] PHP Deprecated:  Constant FILTER_SANITIZE_STRING is deprecated in /homepages/20/d376353883/htdocs/new_website/submitinquiry.php on line 29
[22-Feb-2024 19:40:46 UTC] PHP Warning:  Undefined array key "strasseNeu" in /homepages/20/d376353883/htdocs/new_website/submitinquiry.php on line 30
[22-Feb-2024 19:40:46 UTC] PHP Deprecated:  Constant FILTER_SANITIZE_STRING is deprecated in /homepages/20/d376353883/htdocs/new_website/submitinquiry.php on line 30
[22-Feb-2024 19:40:46 UTC] PHP Deprecated:  Constant FILTER_SANITIZE_STRING is deprecated in /homepages/20/d376353883/htdocs/new_website/submitinquiry.php on line 31
[22-Feb-2024 19:40:46 UTC] PHP Deprecated:  Constant FILTER_SANITIZE_STRING is deprecated in /homepages/20/d376353883/htdocs/new_website/submitinquiry.php on line 32
[22-Feb-2024 19:40:46 UTC] PHP Deprecated:  Constant FILTER_SANITIZE_STRING is deprecated in /homepages/20/d376353883/htdocs/new_website/submitinquiry.php on line 33
[22-Feb-2024 19:40:46 UTC] PHP Deprecated:  Constant FILTER_SANITIZE_STRING is deprecated in /homepages/20/d376353883/htdocs/new_website/submitinquiry.php on line 34
[22-Feb-2024 19:40:46 UTC] PHP Deprecated:  Constant FILTER_SANITIZE_STRING is deprecated in /homepages/20/d376353883/htdocs/new_website/submitinquiry.php on line 35
[22-Feb-2024 19:40:46 UTC] PHP Warning:  Undefined array key "parkingNeuAlternative" in /homepages/20/d376353883/htdocs/new_website/submitinquiry.php on line 36
[22-Feb-2024 19:40:46 UTC] PHP Deprecated:  Constant FILTER_SANITIZE_STRING is deprecated in /homepages/20/d376353883/htdocs/new_website/submitinquiry.php on line 36
[22-Feb-2024 19:40:46 UTC] PHP Deprecated:  Constant FILTER_SANITIZE_STRING is deprecated in /homepages/20/d376353883/htdocs/new_website/submitinquiry.php on line 37
[22-Feb-2024 19:40:46 UTC] PHP Deprecated:  Constant FILTER_SANITIZE_STRING is deprecated in /homepages/20/d376353883/htdocs/new_website/submitinquiry.php on line 38
[22-Feb-2024 19:40:46 UTC] PHP Warning:  Undefined array key "liftNeu" in /homepages/20/d376353883/htdocs/new_website/submitinquiry.php on line 39
[22-Feb-2024 19:40:46 UTC] PHP Deprecated:  Constant FILTER_SANITIZE_STRING is deprecated in /homepages/20/d376353883/htdocs/new_website/submitinquiry.php on line 39
[22-Feb-2024 19:40:46 UTC] PHP Deprecated:  Constant FILTER_SANITIZE_STRING is deprecated in /homepages/20/d376353883/htdocs/new_website/submitinquiry.php on line 40
[22-Feb-2024 19:40:46 UTC] PHP Deprecated:  Constant FILTER_SANITIZE_STRING is deprecated in /homepages/20/d376353883/htdocs/new_website/submitinquiry.php on line 41
[22-Feb-2024 19:40:46 UTC] PHP Deprecated:  Constant FILTER_SANITIZE_STRING is deprecated in /homepages/20/d376353883/htdocs/new_website/submitinquiry.php on line 44
[22-Feb-2024 19:40:46 UTC] PHP Deprecated:  Constant FILTER_SANITIZE_STRING is deprecated in /homepages/20/d376353883/htdocs/new_website/submitinquiry.php on line 45
[22-Feb-2024 19:40:46 UTC] PHP Deprecated:  Constant FILTER_SANITIZE_STRING is deprecated in /homepages/20/d376353883/htdocs/new_website/submitinquiry.php on line 46
[22-Feb-2024 19:40:46 UTC] PHP Deprecated:  Constant FILTER_SANITIZE_STRING is deprecated in /homepages/20/d376353883/htdocs/new_website/submitinquiry.php on line 47
[22-Feb-2024 19:40:46 UTC] PHP Deprecated:  Constant FILTER_SANITIZE_STRING is deprecated in /homepages/20/d376353883/htdocs/new_website/submitinquiry.php on line 48
[22-Feb-2024 19:40:46 UTC] PHP Deprecated:  Constant FILTER_SANITIZE_STRING is deprecated in /homepages/20/d376353883/htdocs/new_website/submitinquiry.php on line 49
[22-Feb-2024 19:52:29 UTC] PHP Deprecated:  Constant FILTER_SANITIZE_STRING is deprecated in /homepages/20/d376353883/htdocs/new_website/DEVsubmitinquiry.php on line 16
[22-Feb-2024 19:52:29 UTC] PHP Deprecated:  Constant FILTER_SANITIZE_STRING is deprecated in /homepages/20/d376353883/htdocs/new_website/DEVsubmitinquiry.php on line 17
[22-Feb-2024 19:52:29 UTC] PHP Deprecated:  Constant FILTER_SANITIZE_STRING is deprecated in /homepages/20/d376353883/htdocs/new_website/DEVsubmitinquiry.php on line 19
[22-Feb-2024 19:52:29 UTC] PHP Deprecated:  Constant FILTER_SANITIZE_STRING is deprecated in /homepages/20/d376353883/htdocs/new_website/DEVsubmitinquiry.php on line 20
[22-Feb-2024 19:52:29 UTC] PHP Deprecated:  Constant FILTER_SANITIZE_STRING is deprecated in /homepages/20/d376353883/htdocs/new_website/DEVsubmitinquiry.php on line 21
[22-Feb-2024 19:52:29 UTC] PHP Deprecated:  Constant FILTER_SANITIZE_STRING is deprecated in /homepages/20/d376353883/htdocs/new_website/DEVsubmitinquiry.php on line 22
[22-Feb-2024 19:52:29 UTC] PHP Deprecated:  Constant FILTER_SANITIZE_STRING is deprecated in /homepages/20/d376353883/htdocs/new_website/DEVsubmitinquiry.php on line 23
[22-Feb-2024 19:52:29 UTC] PHP Deprecated:  Constant FILTER_SANITIZE_STRING is deprecated in /homepages/20/d376353883/htdocs/new_website/DEVsubmitinquiry.php on line 24
[22-Feb-2024 19:52:29 UTC] PHP Warning:  Undefined array key "parkingOld" in /homepages/20/d376353883/htdocs/new_website/DEVsubmitinquiry.php on line 25
[22-Feb-2024 19:52:29 UTC] PHP Deprecated:  Constant FILTER_SANITIZE_STRING is deprecated in /homepages/20/d376353883/htdocs/new_website/DEVsubmitinquiry.php on line 25
[22-Feb-2024 19:52:29 UTC] PHP Warning:  Undefined array key "parkingOldAlternative" in /homepages/20/d376353883/htdocs/new_website/DEVsubmitinquiry.php on line 26
[22-Feb-2024 19:52:29 UTC] PHP Deprecated:  Constant FILTER_SANITIZE_STRING is deprecated in /homepages/20/d376353883/htdocs/new_website/DEVsubmitinquiry.php on line 26
[22-Feb-2024 19:52:29 UTC] PHP Warning:  Undefined array key "OldType" in /homepages/20/d376353883/htdocs/new_website/DEVsubmitinquiry.php on line 27
[22-Feb-2024 19:52:29 UTC] PHP Deprecated:  Constant FILTER_SANITIZE_STRING is deprecated in /homepages/20/d376353883/htdocs/new_website/DEVsubmitinquiry.php on line 27
[22-Feb-2024 19:52:29 UTC] PHP Deprecated:  Constant FILTER_SANITIZE_STRING is deprecated in /homepages/20/d376353883/htdocs/new_website/DEVsubmitinquiry.php on line 28
[22-Feb-2024 19:52:29 UTC] PHP Warning:  Undefined array key "liftOld" in /homepages/20/d376353883/htdocs/new_website/DEVsubmitinquiry.php on line 29
[22-Feb-2024 19:52:29 UTC] PHP Deprecated:  Constant FILTER_SANITIZE_STRING is deprecated in /homepages/20/d376353883/htdocs/new_website/DEVsubmitinquiry.php on line 29
[22-Feb-2024 19:52:29 UTC] PHP Warning:  Undefined array key "strasseNeu" in /homepages/20/d376353883/htdocs/new_website/DEVsubmitinquiry.php on line 30
[22-Feb-2024 19:52:29 UTC] PHP Deprecated:  Constant FILTER_SANITIZE_STRING is deprecated in /homepages/20/d376353883/htdocs/new_website/DEVsubmitinquiry.php on line 30
[22-Feb-2024 19:52:29 UTC] PHP Deprecated:  Constant FILTER_SANITIZE_STRING is deprecated in /homepages/20/d376353883/htdocs/new_website/DEVsubmitinquiry.php on line 31
[22-Feb-2024 19:52:29 UTC] PHP Deprecated:  Constant FILTER_SANITIZE_STRING is deprecated in /homepages/20/d376353883/htdocs/new_website/DEVsubmitinquiry.php on line 32
[22-Feb-2024 19:52:29 UTC] PHP Deprecated:  Constant FILTER_SANITIZE_STRING is deprecated in /homepages/20/d376353883/htdocs/new_website/DEVsubmitinquiry.php on line 33
[22-Feb-2024 19:52:29 UTC] PHP Deprecated:  Constant FILTER_SANITIZE_STRING is deprecated in /homepages/20/d376353883/htdocs/new_website/DEVsubmitinquiry.php on line 34
[22-Feb-2024 19:52:29 UTC] PHP Warning:  Undefined array key "parkingNeu" in /homepages/20/d376353883/htdocs/new_website/DEVsubmitinquiry.php on line 35
[22-Feb-2024 19:52:29 UTC] PHP Deprecated:  Constant FILTER_SANITIZE_STRING is deprecated in /homepages/20/d376353883/htdocs/new_website/DEVsubmitinquiry.php on line 35
[22-Feb-2024 19:52:29 UTC] PHP Warning:  Undefined array key "parkingNeuAlternative" in /homepages/20/d376353883/htdocs/new_website/DEVsubmitinquiry.php on line 36
[22-Feb-2024 19:52:29 UTC] PHP Deprecated:  Constant FILTER_SANITIZE_STRING is deprecated in /homepages/20/d376353883/htdocs/new_website/DEVsubmitinquiry.php on line 36
[22-Feb-2024 19:52:29 UTC] PHP Warning:  Undefined array key "NeuType" in /homepages/20/d376353883/htdocs/new_website/DEVsubmitinquiry.php on line 37
[22-Feb-2024 19:52:29 UTC] PHP Deprecated:  Constant FILTER_SANITIZE_STRING is deprecated in /homepages/20/d376353883/htdocs/new_website/DEVsubmitinquiry.php on line 37
[22-Feb-2024 19:52:29 UTC] PHP Deprecated:  Constant FILTER_SANITIZE_STRING is deprecated in /homepages/20/d376353883/htdocs/new_website/DEVsubmitinquiry.php on line 38
[22-Feb-2024 19:52:29 UTC] PHP Warning:  Undefined array key "liftNeu" in /homepages/20/d376353883/htdocs/new_website/DEVsubmitinquiry.php on line 39
[22-Feb-2024 19:52:29 UTC] PHP Deprecated:  Constant FILTER_SANITIZE_STRING is deprecated in /homepages/20/d376353883/htdocs/new_website/DEVsubmitinquiry.php on line 39
[22-Feb-2024 19:52:29 UTC] PHP Deprecated:  Constant FILTER_SANITIZE_STRING is deprecated in /homepages/20/d376353883/htdocs/new_website/DEVsubmitinquiry.php on line 40
[22-Feb-2024 19:52:29 UTC] PHP Warning:  Undefined array key "datetime" in /homepages/20/d376353883/htdocs/new_website/DEVsubmitinquiry.php on line 41
[22-Feb-2024 19:52:29 UTC] PHP Deprecated:  Constant FILTER_SANITIZE_STRING is deprecated in /homepages/20/d376353883/htdocs/new_website/DEVsubmitinquiry.php on line 41
[22-Feb-2024 19:52:29 UTC] PHP Warning:  Undefined array key "needPakaging" in /homepages/20/d376353883/htdocs/new_website/DEVsubmitinquiry.php on line 44
[22-Feb-2024 19:52:29 UTC] PHP Deprecated:  Constant FILTER_SANITIZE_STRING is deprecated in /homepages/20/d376353883/htdocs/new_website/DEVsubmitinquiry.php on line 44
[22-Feb-2024 19:52:29 UTC] PHP Warning:  Undefined array key "zerbrechlich" in /homepages/20/d376353883/htdocs/new_website/DEVsubmitinquiry.php on line 45
[22-Feb-2024 19:52:29 UTC] PHP Deprecated:  Constant FILTER_SANITIZE_STRING is deprecated in /homepages/20/d376353883/htdocs/new_website/DEVsubmitinquiry.php on line 45
[22-Feb-2024 19:52:29 UTC] PHP Warning:  Undefined array key "anderes" in /homepages/20/d376353883/htdocs/new_website/DEVsubmitinquiry.php on line 46
[22-Feb-2024 19:52:29 UTC] PHP Deprecated:  Constant FILTER_SANITIZE_STRING is deprecated in /homepages/20/d376353883/htdocs/new_website/DEVsubmitinquiry.php on line 46
[22-Feb-2024 19:52:29 UTC] PHP Warning:  Undefined array key "specialtrans" in /homepages/20/d376353883/htdocs/new_website/DEVsubmitinquiry.php on line 47
[22-Feb-2024 19:52:29 UTC] PHP Deprecated:  Constant FILTER_SANITIZE_STRING is deprecated in /homepages/20/d376353883/htdocs/new_website/DEVsubmitinquiry.php on line 47
[22-Feb-2024 19:52:29 UTC] PHP Warning:  Undefined array key "montage" in /homepages/20/d376353883/htdocs/new_website/DEVsubmitinquiry.php on line 48
[22-Feb-2024 19:52:29 UTC] PHP Deprecated:  Constant FILTER_SANITIZE_STRING is deprecated in /homepages/20/d376353883/htdocs/new_website/DEVsubmitinquiry.php on line 48
[22-Feb-2024 19:52:29 UTC] PHP Warning:  Undefined array key "whatToTransport" in /homepages/20/d376353883/htdocs/new_website/DEVsubmitinquiry.php on line 49
[22-Feb-2024 19:52:29 UTC] PHP Deprecated:  Constant FILTER_SANITIZE_STRING is deprecated in /homepages/20/d376353883/htdocs/new_website/DEVsubmitinquiry.php on line 49
[22-Feb-2024 20:06:14 UTC] PHP Deprecated:  Constant FILTER_SANITIZE_STRING is deprecated in /homepages/20/d376353883/htdocs/new_website/submitinquiry.php on line 16
[22-Feb-2024 20:06:14 UTC] PHP Deprecated:  Constant FILTER_SANITIZE_STRING is deprecated in /homepages/20/d376353883/htdocs/new_website/submitinquiry.php on line 17
[22-Feb-2024 20:06:14 UTC] PHP Deprecated:  Constant FILTER_SANITIZE_STRING is deprecated in /homepages/20/d376353883/htdocs/new_website/submitinquiry.php on line 19
[22-Feb-2024 20:06:14 UTC] PHP Deprecated:  Constant FILTER_SANITIZE_STRING is deprecated in /homepages/20/d376353883/htdocs/new_website/submitinquiry.php on line 20
[22-Feb-2024 20:06:14 UTC] PHP Deprecated:  Constant FILTER_SANITIZE_STRING is deprecated in /homepages/20/d376353883/htdocs/new_website/submitinquiry.php on line 21
[22-Feb-2024 20:06:14 UTC] PHP Deprecated:  Constant FILTER_SANITIZE_STRING is deprecated in /homepages/20/d376353883/htdocs/new_website/submitinquiry.php on line 22
[22-Feb-2024 20:06:14 UTC] PHP Deprecated:  Constant FILTER_SANITIZE_STRING is deprecated in /homepages/20/d376353883/htdocs/new_website/submitinquiry.php on line 23
[22-Feb-2024 20:06:14 UTC] PHP Deprecated:  Constant FILTER_SANITIZE_STRING is deprecated in /homepages/20/d376353883/htdocs/new_website/submitinquiry.php on line 24
[22-Feb-2024 20:06:14 UTC] PHP Deprecated:  Constant FILTER_SANITIZE_STRING is deprecated in /homepages/20/d376353883/htdocs/new_website/submitinquiry.php on line 25
[22-Feb-2024 20:06:14 UTC] PHP Warning:  Undefined array key "parkingOldAlternative" in /homepages/20/d376353883/htdocs/new_website/submitinquiry.php on line 26
[22-Feb-2024 20:06:14 UTC] PHP Deprecated:  Constant FILTER_SANITIZE_STRING is deprecated in /homepages/20/d376353883/htdocs/new_website/submitinquiry.php on line 26
[22-Feb-2024 20:06:14 UTC] PHP Deprecated:  Constant FILTER_SANITIZE_STRING is deprecated in /homepages/20/d376353883/htdocs/new_website/submitinquiry.php on line 27
[22-Feb-2024 20:06:14 UTC] PHP Deprecated:  Constant FILTER_SANITIZE_STRING is deprecated in /homepages/20/d376353883/htdocs/new_website/submitinquiry.php on line 28
[22-Feb-2024 20:06:14 UTC] PHP Warning:  Undefined array key "liftOld" in /homepages/20/d376353883/htdocs/new_website/submitinquiry.php on line 29
[22-Feb-2024 20:06:14 UTC] PHP Deprecated:  Constant FILTER_SANITIZE_STRING is deprecated in /homepages/20/d376353883/htdocs/new_website/submitinquiry.php on line 29
[22-Feb-2024 20:06:14 UTC] PHP Warning:  Undefined array key "strasseNeu" in /homepages/20/d376353883/htdocs/new_website/submitinquiry.php on line 30
[22-Feb-2024 20:06:14 UTC] PHP Deprecated:  Constant FILTER_SANITIZE_STRING is deprecated in /homepages/20/d376353883/htdocs/new_website/submitinquiry.php on line 30
[22-Feb-2024 20:06:14 UTC] PHP Deprecated:  Constant FILTER_SANITIZE_STRING is deprecated in /homepages/20/d376353883/htdocs/new_website/submitinquiry.php on line 31
[22-Feb-2024 20:06:14 UTC] PHP Deprecated:  Constant FILTER_SANITIZE_STRING is deprecated in /homepages/20/d376353883/htdocs/new_website/submitinquiry.php on line 32
[22-Feb-2024 20:06:14 UTC] PHP Deprecated:  Constant FILTER_SANITIZE_STRING is deprecated in /homepages/20/d376353883/htdocs/new_website/submitinquiry.php on line 33
[22-Feb-2024 20:06:14 UTC] PHP Deprecated:  Constant FILTER_SANITIZE_STRING is deprecated in /homepages/20/d376353883/htdocs/new_website/submitinquiry.php on line 34
[22-Feb-2024 20:06:14 UTC] PHP Deprecated:  Constant FILTER_SANITIZE_STRING is deprecated in /homepages/20/d376353883/htdocs/new_website/submitinquiry.php on line 35
[22-Feb-2024 20:06:14 UTC] PHP Warning:  Undefined array key "parkingNeuAlternative" in /homepages/20/d376353883/htdocs/new_website/submitinquiry.php on line 36
[22-Feb-2024 20:06:14 UTC] PHP Deprecated:  Constant FILTER_SANITIZE_STRING is deprecated in /homepages/20/d376353883/htdocs/new_website/submitinquiry.php on line 36
[22-Feb-2024 20:06:14 UTC] PHP Deprecated:  Constant FILTER_SANITIZE_STRING is deprecated in /homepages/20/d376353883/htdocs/new_website/submitinquiry.php on line 37
[22-Feb-2024 20:06:14 UTC] PHP Deprecated:  Constant FILTER_SANITIZE_STRING is deprecated in /homepages/20/d376353883/htdocs/new_website/submitinquiry.php on line 38
[22-Feb-2024 20:06:14 UTC] PHP Deprecated:  Constant FILTER_SANITIZE_STRING is deprecated in /homepages/20/d376353883/htdocs/new_website/submitinquiry.php on line 39
[22-Feb-2024 20:06:14 UTC] PHP Deprecated:  Constant FILTER_SANITIZE_STRING is deprecated in /homepages/20/d376353883/htdocs/new_website/submitinquiry.php on line 40
[22-Feb-2024 20:06:14 UTC] PHP Deprecated:  Constant FILTER_SANITIZE_STRING is deprecated in /homepages/20/d376353883/htdocs/new_website/submitinquiry.php on line 41
[22-Feb-2024 20:06:14 UTC] PHP Deprecated:  Constant FILTER_SANITIZE_STRING is deprecated in /homepages/20/d376353883/htdocs/new_website/submitinquiry.php on line 44
[22-Feb-2024 20:06:14 UTC] PHP Deprecated:  Constant FILTER_SANITIZE_STRING is deprecated in /homepages/20/d376353883/htdocs/new_website/submitinquiry.php on line 45
[22-Feb-2024 20:06:14 UTC] PHP Deprecated:  Constant FILTER_SANITIZE_STRING is deprecated in /homepages/20/d376353883/htdocs/new_website/submitinquiry.php on line 46
[22-Feb-2024 20:06:14 UTC] PHP Deprecated:  Constant FILTER_SANITIZE_STRING is deprecated in /homepages/20/d376353883/htdocs/new_website/submitinquiry.php on line 47
[22-Feb-2024 20:06:14 UTC] PHP Deprecated:  Constant FILTER_SANITIZE_STRING is deprecated in /homepages/20/d376353883/htdocs/new_website/submitinquiry.php on line 48
[22-Feb-2024 20:06:14 UTC] PHP Deprecated:  Constant FILTER_SANITIZE_STRING is deprecated in /homepages/20/d376353883/htdocs/new_website/submitinquiry.php on line 49
[22-Feb-2024 20:20:40 UTC] PHP Deprecated:  Constant FILTER_SANITIZE_STRING is deprecated in /homepages/20/d376353883/htdocs/new_website/submitinquiry.php on line 16
[22-Feb-2024 20:20:40 UTC] PHP Deprecated:  Constant FILTER_SANITIZE_STRING is deprecated in /homepages/20/d376353883/htdocs/new_website/submitinquiry.php on line 17
[22-Feb-2024 20:20:40 UTC] PHP Deprecated:  Constant FILTER_SANITIZE_STRING is deprecated in /homepages/20/d376353883/htdocs/new_website/submitinquiry.php on line 19
[22-Feb-2024 20:20:40 UTC] PHP Deprecated:  Constant FILTER_SANITIZE_STRING is deprecated in /homepages/20/d376353883/htdocs/new_website/submitinquiry.php on line 20
[22-Feb-2024 20:20:40 UTC] PHP Deprecated:  Constant FILTER_SANITIZE_STRING is deprecated in /homepages/20/d376353883/htdocs/new_website/submitinquiry.php on line 21
[22-Feb-2024 20:20:40 UTC] PHP Deprecated:  Constant FILTER_SANITIZE_STRING is deprecated in /homepages/20/d376353883/htdocs/new_website/submitinquiry.php on line 22
[22-Feb-2024 20:20:40 UTC] PHP Deprecated:  Constant FILTER_SANITIZE_STRING is deprecated in /homepages/20/d376353883/htdocs/new_website/submitinquiry.php on line 23
[22-Feb-2024 20:20:40 UTC] PHP Deprecated:  Constant FILTER_SANITIZE_STRING is deprecated in /homepages/20/d376353883/htdocs/new_website/submitinquiry.php on line 24
[22-Feb-2024 20:20:40 UTC] PHP Deprecated:  Constant FILTER_SANITIZE_STRING is deprecated in /homepages/20/d376353883/htdocs/new_website/submitinquiry.php on line 25
[22-Feb-2024 20:20:40 UTC] PHP Warning:  Undefined array key "parkingOldAlternative" in /homepages/20/d376353883/htdocs/new_website/submitinquiry.php on line 26
[22-Feb-2024 20:20:40 UTC] PHP Deprecated:  Constant FILTER_SANITIZE_STRING is deprecated in /homepages/20/d376353883/htdocs/new_website/submitinquiry.php on line 26
[22-Feb-2024 20:20:40 UTC] PHP Deprecated:  Constant FILTER_SANITIZE_STRING is deprecated in /homepages/20/d376353883/htdocs/new_website/submitinquiry.php on line 27
[22-Feb-2024 20:20:40 UTC] PHP Deprecated:  Constant FILTER_SANITIZE_STRING is deprecated in /homepages/20/d376353883/htdocs/new_website/submitinquiry.php on line 28
[22-Feb-2024 20:20:40 UTC] PHP Warning:  Undefined array key "liftOld" in /homepages/20/d376353883/htdocs/new_website/submitinquiry.php on line 29
[22-Feb-2024 20:20:40 UTC] PHP Deprecated:  Constant FILTER_SANITIZE_STRING is deprecated in /homepages/20/d376353883/htdocs/new_website/submitinquiry.php on line 29
[22-Feb-2024 20:20:40 UTC] PHP Warning:  Undefined array key "strasseNeu" in /homepages/20/d376353883/htdocs/new_website/submitinquiry.php on line 30
[22-Feb-2024 20:20:40 UTC] PHP Deprecated:  Constant FILTER_SANITIZE_STRING is deprecated in /homepages/20/d376353883/htdocs/new_website/submitinquiry.php on line 30
[22-Feb-2024 20:20:40 UTC] PHP Deprecated:  Constant FILTER_SANITIZE_STRING is deprecated in /homepages/20/d376353883/htdocs/new_website/submitinquiry.php on line 31
[22-Feb-2024 20:20:40 UTC] PHP Deprecated:  Constant FILTER_SANITIZE_STRING is deprecated in /homepages/20/d376353883/htdocs/new_website/submitinquiry.php on line 32
[22-Feb-2024 20:20:40 UTC] PHP Deprecated:  Constant FILTER_SANITIZE_STRING is deprecated in /homepages/20/d376353883/htdocs/new_website/submitinquiry.php on line 33
[22-Feb-2024 20:20:40 UTC] PHP Deprecated:  Constant FILTER_SANITIZE_STRING is deprecated in /homepages/20/d376353883/htdocs/new_website/submitinquiry.php on line 34
[22-Feb-2024 20:20:40 UTC] PHP Deprecated:  Constant FILTER_SANITIZE_STRING is deprecated in /homepages/20/d376353883/htdocs/new_website/submitinquiry.php on line 35
[22-Feb-2024 20:20:40 UTC] PHP Warning:  Undefined array key "parkingNeuAlternative" in /homepages/20/d376353883/htdocs/new_website/submitinquiry.php on line 36
[22-Feb-2024 20:20:40 UTC] PHP Deprecated:  Constant FILTER_SANITIZE_STRING is deprecated in /homepages/20/d376353883/htdocs/new_website/submitinquiry.php on line 36
[22-Feb-2024 20:20:40 UTC] PHP Deprecated:  Constant FILTER_SANITIZE_STRING is deprecated in /homepages/20/d376353883/htdocs/new_website/submitinquiry.php on line 37
[22-Feb-2024 20:20:40 UTC] PHP Deprecated:  Constant FILTER_SANITIZE_STRING is deprecated in /homepages/20/d376353883/htdocs/new_website/submitinquiry.php on line 38
[22-Feb-2024 20:20:40 UTC] PHP Warning:  Undefined array key "liftNeu" in /homepages/20/d376353883/htdocs/new_website/submitinquiry.php on line 39
[22-Feb-2024 20:20:40 UTC] PHP Deprecated:  Constant FILTER_SANITIZE_STRING is deprecated in /homepages/20/d376353883/htdocs/new_website/submitinquiry.php on line 39
[22-Feb-2024 20:20:40 UTC] PHP Deprecated:  Constant FILTER_SANITIZE_STRING is deprecated in /homepages/20/d376353883/htdocs/new_website/submitinquiry.php on line 40
[22-Feb-2024 20:20:40 UTC] PHP Deprecated:  Constant FILTER_SANITIZE_STRING is deprecated in /homepages/20/d376353883/htdocs/new_website/submitinquiry.php on line 41
[22-Feb-2024 20:20:40 UTC] PHP Deprecated:  Constant FILTER_SANITIZE_STRING is deprecated in /homepages/20/d376353883/htdocs/new_website/submitinquiry.php on line 44
[22-Feb-2024 20:20:40 UTC] PHP Deprecated:  Constant FILTER_SANITIZE_STRING is deprecated in /homepages/20/d376353883/htdocs/new_website/submitinquiry.php on line 45
[22-Feb-2024 20:20:40 UTC] PHP Deprecated:  Constant FILTER_SANITIZE_STRING is deprecated in /homepages/20/d376353883/htdocs/new_website/submitinquiry.php on line 46
[22-Feb-2024 20:20:40 UTC] PHP Warning:  Undefined array key "specialtrans" in /homepages/20/d376353883/htdocs/new_website/submitinquiry.php on line 47
[22-Feb-2024 20:20:40 UTC] PHP Deprecated:  Constant FILTER_SANITIZE_STRING is deprecated in /homepages/20/d376353883/htdocs/new_website/submitinquiry.php on line 47
[22-Feb-2024 20:20:40 UTC] PHP Warning:  Undefined array key "montage" in /homepages/20/d376353883/htdocs/new_website/submitinquiry.php on line 48
[22-Feb-2024 20:20:40 UTC] PHP Deprecated:  Constant FILTER_SANITIZE_STRING is deprecated in /homepages/20/d376353883/htdocs/new_website/submitinquiry.php on line 48
[22-Feb-2024 20:20:40 UTC] PHP Warning:  Undefined array key "whatToTransport" in /homepages/20/d376353883/htdocs/new_website/submitinquiry.php on line 49
[22-Feb-2024 20:20:40 UTC] PHP Deprecated:  Constant FILTER_SANITIZE_STRING is deprecated in /homepages/20/d376353883/htdocs/new_website/submitinquiry.php on line 49
[22-Feb-2024 20:20:40 UTC] PHP Warning:  Undefined array key 0 in /homepages/20/d376353883/htdocs/new_website/submitinquiry.php on line 61
[22-Feb-2024 20:20:40 UTC] PHP Fatal error:  Uncaught TypeError: array_keys(): Argument #1 ($array) must be of type array, null given in /homepages/20/d376353883/htdocs/new_website/submitinquiry.php:61
Stack trace:
#0 /homepages/20/d376353883/htdocs/new_website/submitinquiry.php(61): array_keys()
#1 {main}
  thrown in /homepages/20/d376353883/htdocs/new_website/submitinquiry.php on line 61
[22-Feb-2024 20:21:41 UTC] PHP Deprecated:  Constant FILTER_SANITIZE_STRING is deprecated in /homepages/20/d376353883/htdocs/new_website/DEVsubmitinquiry.php on line 16
[22-Feb-2024 20:21:41 UTC] PHP Deprecated:  Constant FILTER_SANITIZE_STRING is deprecated in /homepages/20/d376353883/htdocs/new_website/DEVsubmitinquiry.php on line 17
[22-Feb-2024 20:21:41 UTC] PHP Deprecated:  Constant FILTER_SANITIZE_STRING is deprecated in /homepages/20/d376353883/htdocs/new_website/DEVsubmitinquiry.php on line 19
[22-Feb-2024 20:21:41 UTC] PHP Deprecated:  Constant FILTER_SANITIZE_STRING is deprecated in /homepages/20/d376353883/htdocs/new_website/DEVsubmitinquiry.php on line 20
[22-Feb-2024 20:21:41 UTC] PHP Deprecated:  Constant FILTER_SANITIZE_STRING is deprecated in /homepages/20/d376353883/htdocs/new_website/DEVsubmitinquiry.php on line 21
[22-Feb-2024 20:21:41 UTC] PHP Deprecated:  Constant FILTER_SANITIZE_STRING is deprecated in /homepages/20/d376353883/htdocs/new_website/DEVsubmitinquiry.php on line 22
[22-Feb-2024 20:21:41 UTC] PHP Deprecated:  Constant FILTER_SANITIZE_STRING is deprecated in /homepages/20/d376353883/htdocs/new_website/DEVsubmitinquiry.php on line 23
[22-Feb-2024 20:21:41 UTC] PHP Deprecated:  Constant FILTER_SANITIZE_STRING is deprecated in /homepages/20/d376353883/htdocs/new_website/DEVsubmitinquiry.php on line 24
[22-Feb-2024 20:21:41 UTC] PHP Warning:  Undefined array key "parkingOld" in /homepages/20/d376353883/htdocs/new_website/DEVsubmitinquiry.php on line 25
[22-Feb-2024 20:21:41 UTC] PHP Deprecated:  Constant FILTER_SANITIZE_STRING is deprecated in /homepages/20/d376353883/htdocs/new_website/DEVsubmitinquiry.php on line 25
[22-Feb-2024 20:21:41 UTC] PHP Warning:  Undefined array key "parkingOldAlternative" in /homepages/20/d376353883/htdocs/new_website/DEVsubmitinquiry.php on line 26
[22-Feb-2024 20:21:41 UTC] PHP Deprecated:  Constant FILTER_SANITIZE_STRING is deprecated in /homepages/20/d376353883/htdocs/new_website/DEVsubmitinquiry.php on line 26
[22-Feb-2024 20:21:41 UTC] PHP Warning:  Undefined array key "OldType" in /homepages/20/d376353883/htdocs/new_website/DEVsubmitinquiry.php on line 27
[22-Feb-2024 20:21:41 UTC] PHP Deprecated:  Constant FILTER_SANITIZE_STRING is deprecated in /homepages/20/d376353883/htdocs/new_website/DEVsubmitinquiry.php on line 27
[22-Feb-2024 20:21:41 UTC] PHP Deprecated:  Constant FILTER_SANITIZE_STRING is deprecated in /homepages/20/d376353883/htdocs/new_website/DEVsubmitinquiry.php on line 28
[22-Feb-2024 20:21:41 UTC] PHP Warning:  Undefined array key "liftOld" in /homepages/20/d376353883/htdocs/new_website/DEVsubmitinquiry.php on line 29
[22-Feb-2024 20:21:41 UTC] PHP Deprecated:  Constant FILTER_SANITIZE_STRING is deprecated in /homepages/20/d376353883/htdocs/new_website/DEVsubmitinquiry.php on line 29
[22-Feb-2024 20:21:41 UTC] PHP Warning:  Undefined array key "strasseNeu" in /homepages/20/d376353883/htdocs/new_website/DEVsubmitinquiry.php on line 30
[22-Feb-2024 20:21:41 UTC] PHP Deprecated:  Constant FILTER_SANITIZE_STRING is deprecated in /homepages/20/d376353883/htdocs/new_website/DEVsubmitinquiry.php on line 30
[22-Feb-2024 20:21:41 UTC] PHP Deprecated:  Constant FILTER_SANITIZE_STRING is deprecated in /homepages/20/d376353883/htdocs/new_website/DEVsubmitinquiry.php on line 31
[22-Feb-2024 20:21:41 UTC] PHP Deprecated:  Constant FILTER_SANITIZE_STRING is deprecated in /homepages/20/d376353883/htdocs/new_website/DEVsubmitinquiry.php on line 32
[22-Feb-2024 20:21:41 UTC] PHP Deprecated:  Constant FILTER_SANITIZE_STRING is deprecated in /homepages/20/d376353883/htdocs/new_website/DEVsubmitinquiry.php on line 33
[22-Feb-2024 20:21:41 UTC] PHP Deprecated:  Constant FILTER_SANITIZE_STRING is deprecated in /homepages/20/d376353883/htdocs/new_website/DEVsubmitinquiry.php on line 34
[22-Feb-2024 20:21:41 UTC] PHP Warning:  Undefined array key "parkingNeu" in /homepages/20/d376353883/htdocs/new_website/DEVsubmitinquiry.php on line 35
[22-Feb-2024 20:21:41 UTC] PHP Deprecated:  Constant FILTER_SANITIZE_STRING is deprecated in /homepages/20/d376353883/htdocs/new_website/DEVsubmitinquiry.php on line 35
[22-Feb-2024 20:21:41 UTC] PHP Warning:  Undefined array key "parkingNeuAlternative" in /homepages/20/d376353883/htdocs/new_website/DEVsubmitinquiry.php on line 36
[22-Feb-2024 20:21:41 UTC] PHP Deprecated:  Constant FILTER_SANITIZE_STRING is deprecated in /homepages/20/d376353883/htdocs/new_website/DEVsubmitinquiry.php on line 36
[22-Feb-2024 20:21:41 UTC] PHP Warning:  Undefined array key "NeuType" in /homepages/20/d376353883/htdocs/new_website/DEVsubmitinquiry.php on line 37
[22-Feb-2024 20:21:41 UTC] PHP Deprecated:  Constant FILTER_SANITIZE_STRING is deprecated in /homepages/20/d376353883/htdocs/new_website/DEVsubmitinquiry.php on line 37
[22-Feb-2024 20:21:41 UTC] PHP Deprecated:  Constant FILTER_SANITIZE_STRING is deprecated in /homepages/20/d376353883/htdocs/new_website/DEVsubmitinquiry.php on line 38
[22-Feb-2024 20:21:41 UTC] PHP Warning:  Undefined array key "liftNeu" in /homepages/20/d376353883/htdocs/new_website/DEVsubmitinquiry.php on line 39
[22-Feb-2024 20:21:41 UTC] PHP Deprecated:  Constant FILTER_SANITIZE_STRING is deprecated in /homepages/20/d376353883/htdocs/new_website/DEVsubmitinquiry.php on line 39
[22-Feb-2024 20:21:41 UTC] PHP Deprecated:  Constant FILTER_SANITIZE_STRING is deprecated in /homepages/20/d376353883/htdocs/new_website/DEVsubmitinquiry.php on line 40
[22-Feb-2024 20:21:41 UTC] PHP Warning:  Undefined array key "datetime" in /homepages/20/d376353883/htdocs/new_website/DEVsubmitinquiry.php on line 41
[22-Feb-2024 20:21:41 UTC] PHP Deprecated:  Constant FILTER_SANITIZE_STRING is deprecated in /homepages/20/d376353883/htdocs/new_website/DEVsubmitinquiry.php on line 41
[22-Feb-2024 20:21:41 UTC] PHP Warning:  Undefined array key "needPakaging" in /homepages/20/d376353883/htdocs/new_website/DEVsubmitinquiry.php on line 44
[22-Feb-2024 20:21:41 UTC] PHP Deprecated:  Constant FILTER_SANITIZE_STRING is deprecated in /homepages/20/d376353883/htdocs/new_website/DEVsubmitinquiry.php on line 44
[22-Feb-2024 20:21:41 UTC] PHP Warning:  Undefined array key "zerbrechlich" in /homepages/20/d376353883/htdocs/new_website/DEVsubmitinquiry.php on line 45
[22-Feb-2024 20:21:41 UTC] PHP Deprecated:  Constant FILTER_SANITIZE_STRING is deprecated in /homepages/20/d376353883/htdocs/new_website/DEVsubmitinquiry.php on line 45
[22-Feb-2024 20:21:41 UTC] PHP Warning:  Undefined array key "anderes" in /homepages/20/d376353883/htdocs/new_website/DEVsubmitinquiry.php on line 46
[22-Feb-2024 20:21:41 UTC] PHP Deprecated:  Constant FILTER_SANITIZE_STRING is deprecated in /homepages/20/d376353883/htdocs/new_website/DEVsubmitinquiry.php on line 46
[22-Feb-2024 20:21:41 UTC] PHP Warning:  Undefined array key "specialtrans" in /homepages/20/d376353883/htdocs/new_website/DEVsubmitinquiry.php on line 47
[22-Feb-2024 20:21:41 UTC] PHP Deprecated:  Constant FILTER_SANITIZE_STRING is deprecated in /homepages/20/d376353883/htdocs/new_website/DEVsubmitinquiry.php on line 47
[22-Feb-2024 20:21:41 UTC] PHP Warning:  Undefined array key "montage" in /homepages/20/d376353883/htdocs/new_website/DEVsubmitinquiry.php on line 48
[22-Feb-2024 20:21:41 UTC] PHP Deprecated:  Constant FILTER_SANITIZE_STRING is deprecated in /homepages/20/d376353883/htdocs/new_website/DEVsubmitinquiry.php on line 48
[22-Feb-2024 20:21:41 UTC] PHP Warning:  Undefined array key "whatToTransport" in /homepages/20/d376353883/htdocs/new_website/DEVsubmitinquiry.php on line 49
[22-Feb-2024 20:21:41 UTC] PHP Deprecated:  Constant FILTER_SANITIZE_STRING is deprecated in /homepages/20/d376353883/htdocs/new_website/DEVsubmitinquiry.php on line 49
[22-Feb-2024 20:21:41 UTC] PHP Warning:  Undefined array key 0 in /homepages/20/d376353883/htdocs/new_website/DEVsubmitinquiry.php on line 61
[22-Feb-2024 20:21:41 UTC] PHP Fatal error:  Uncaught TypeError: array_keys(): Argument #1 ($array) must be of type array, null given in /homepages/20/d376353883/htdocs/new_website/DEVsubmitinquiry.php:61
Stack trace:
#0 /homepages/20/d376353883/htdocs/new_website/DEVsubmitinquiry.php(61): array_keys()
#1 {main}
  thrown in /homepages/20/d376353883/htdocs/new_website/DEVsubmitinquiry.php on line 61
[22-Feb-2024 20:21:48 UTC] PHP Warning:  Undefined array key "form_token" in /homepages/20/d376353883/htdocs/new_website/DEVsubmitinquiry.php on line 12
[22-Feb-2024 20:23:00 UTC] PHP Deprecated:  Constant FILTER_SANITIZE_STRING is deprecated in /homepages/20/d376353883/htdocs/new_website/DEVsubmitinquiry.php on line 16
[22-Feb-2024 20:23:00 UTC] PHP Deprecated:  Constant FILTER_SANITIZE_STRING is deprecated in /homepages/20/d376353883/htdocs/new_website/DEVsubmitinquiry.php on line 17
[22-Feb-2024 20:23:00 UTC] PHP Deprecated:  Constant FILTER_SANITIZE_STRING is deprecated in /homepages/20/d376353883/htdocs/new_website/DEVsubmitinquiry.php on line 19
[22-Feb-2024 20:23:00 UTC] PHP Deprecated:  Constant FILTER_SANITIZE_STRING is deprecated in /homepages/20/d376353883/htdocs/new_website/DEVsubmitinquiry.php on line 20
[22-Feb-2024 20:23:00 UTC] PHP Deprecated:  Constant FILTER_SANITIZE_STRING is deprecated in /homepages/20/d376353883/htdocs/new_website/DEVsubmitinquiry.php on line 21
[22-Feb-2024 20:23:00 UTC] PHP Deprecated:  Constant FILTER_SANITIZE_STRING is deprecated in /homepages/20/d376353883/htdocs/new_website/DEVsubmitinquiry.php on line 22
[22-Feb-2024 20:23:00 UTC] PHP Deprecated:  Constant FILTER_SANITIZE_STRING is deprecated in /homepages/20/d376353883/htdocs/new_website/DEVsubmitinquiry.php on line 23
[22-Feb-2024 20:23:00 UTC] PHP Deprecated:  Constant FILTER_SANITIZE_STRING is deprecated in /homepages/20/d376353883/htdocs/new_website/DEVsubmitinquiry.php on line 24
[22-Feb-2024 20:23:00 UTC] PHP Warning:  Undefined array key "parkingOld" in /homepages/20/d376353883/htdocs/new_website/DEVsubmitinquiry.php on line 25
[22-Feb-2024 20:23:00 UTC] PHP Deprecated:  Constant FILTER_SANITIZE_STRING is deprecated in /homepages/20/d376353883/htdocs/new_website/DEVsubmitinquiry.php on line 25
[22-Feb-2024 20:23:00 UTC] PHP Warning:  Undefined array key "parkingOldAlternative" in /homepages/20/d376353883/htdocs/new_website/DEVsubmitinquiry.php on line 26
[22-Feb-2024 20:23:00 UTC] PHP Deprecated:  Constant FILTER_SANITIZE_STRING is deprecated in /homepages/20/d376353883/htdocs/new_website/DEVsubmitinquiry.php on line 26
[22-Feb-2024 20:23:00 UTC] PHP Warning:  Undefined array key "OldType" in /homepages/20/d376353883/htdocs/new_website/DEVsubmitinquiry.php on line 27
[22-Feb-2024 20:23:00 UTC] PHP Deprecated:  Constant FILTER_SANITIZE_STRING is deprecated in /homepages/20/d376353883/htdocs/new_website/DEVsubmitinquiry.php on line 27
[22-Feb-2024 20:23:00 UTC] PHP Deprecated:  Constant FILTER_SANITIZE_STRING is deprecated in /homepages/20/d376353883/htdocs/new_website/DEVsubmitinquiry.php on line 28
[22-Feb-2024 20:23:00 UTC] PHP Warning:  Undefined array key "liftOld" in /homepages/20/d376353883/htdocs/new_website/DEVsubmitinquiry.php on line 29
[22-Feb-2024 20:23:00 UTC] PHP Deprecated:  Constant FILTER_SANITIZE_STRING is deprecated in /homepages/20/d376353883/htdocs/new_website/DEVsubmitinquiry.php on line 29
[22-Feb-2024 20:23:00 UTC] PHP Warning:  Undefined array key "strasseNeu" in /homepages/20/d376353883/htdocs/new_website/DEVsubmitinquiry.php on line 30
[22-Feb-2024 20:23:00 UTC] PHP Deprecated:  Constant FILTER_SANITIZE_STRING is deprecated in /homepages/20/d376353883/htdocs/new_website/DEVsubmitinquiry.php on line 30
[22-Feb-2024 20:23:00 UTC] PHP Deprecated:  Constant FILTER_SANITIZE_STRING is deprecated in /homepages/20/d376353883/htdocs/new_website/DEVsubmitinquiry.php on line 31
[22-Feb-2024 20:23:00 UTC] PHP Deprecated:  Constant FILTER_SANITIZE_STRING is deprecated in /homepages/20/d376353883/htdocs/new_website/DEVsubmitinquiry.php on line 32
[22-Feb-2024 20:23:00 UTC] PHP Deprecated:  Constant FILTER_SANITIZE_STRING is deprecated in /homepages/20/d376353883/htdocs/new_website/DEVsubmitinquiry.php on line 33
[22-Feb-2024 20:23:00 UTC] PHP Deprecated:  Constant FILTER_SANITIZE_STRING is deprecated in /homepages/20/d376353883/htdocs/new_website/DEVsubmitinquiry.php on line 34
[22-Feb-2024 20:23:00 UTC] PHP Warning:  Undefined array key "parkingNeu" in /homepages/20/d376353883/htdocs/new_website/DEVsubmitinquiry.php on line 35
[22-Feb-2024 20:23:00 UTC] PHP Deprecated:  Constant FILTER_SANITIZE_STRING is deprecated in /homepages/20/d376353883/htdocs/new_website/DEVsubmitinquiry.php on line 35
[22-Feb-2024 20:23:00 UTC] PHP Warning:  Undefined array key "parkingNeuAlternative" in /homepages/20/d376353883/htdocs/new_website/DEVsubmitinquiry.php on line 36
[22-Feb-2024 20:23:00 UTC] PHP Deprecated:  Constant FILTER_SANITIZE_STRING is deprecated in /homepages/20/d376353883/htdocs/new_website/DEVsubmitinquiry.php on line 36
[22-Feb-2024 20:23:00 UTC] PHP Warning:  Undefined array key "NeuType" in /homepages/20/d376353883/htdocs/new_website/DEVsubmitinquiry.php on line 37
[22-Feb-2024 20:23:00 UTC] PHP Deprecated:  Constant FILTER_SANITIZE_STRING is deprecated in /homepages/20/d376353883/htdocs/new_website/DEVsubmitinquiry.php on line 37
[22-Feb-2024 20:23:00 UTC] PHP Deprecated:  Constant FILTER_SANITIZE_STRING is deprecated in /homepages/20/d376353883/htdocs/new_website/DEVsubmitinquiry.php on line 38
[22-Feb-2024 20:23:00 UTC] PHP Warning:  Undefined array key "liftNeu" in /homepages/20/d376353883/htdocs/new_website/DEVsubmitinquiry.php on line 39
[22-Feb-2024 20:23:00 UTC] PHP Deprecated:  Constant FILTER_SANITIZE_STRING is deprecated in /homepages/20/d376353883/htdocs/new_website/DEVsubmitinquiry.php on line 39
[22-Feb-2024 20:23:00 UTC] PHP Deprecated:  Constant FILTER_SANITIZE_STRING is deprecated in /homepages/20/d376353883/htdocs/new_website/DEVsubmitinquiry.php on line 40
[22-Feb-2024 20:23:00 UTC] PHP Warning:  Undefined array key "datetime" in /homepages/20/d376353883/htdocs/new_website/DEVsubmitinquiry.php on line 41
[22-Feb-2024 20:23:00 UTC] PHP Deprecated:  Constant FILTER_SANITIZE_STRING is deprecated in /homepages/20/d376353883/htdocs/new_website/DEVsubmitinquiry.php on line 41
[22-Feb-2024 20:23:00 UTC] PHP Warning:  Undefined array key "needPakaging" in /homepages/20/d376353883/htdocs/new_website/DEVsubmitinquiry.php on line 44
[22-Feb-2024 20:23:00 UTC] PHP Deprecated:  Constant FILTER_SANITIZE_STRING is deprecated in /homepages/20/d376353883/htdocs/new_website/DEVsubmitinquiry.php on line 44
[22-Feb-2024 20:23:00 UTC] PHP Warning:  Undefined array key "zerbrechlich" in /homepages/20/d376353883/htdocs/new_website/DEVsubmitinquiry.php on line 45
[22-Feb-2024 20:23:00 UTC] PHP Deprecated:  Constant FILTER_SANITIZE_STRING is deprecated in /homepages/20/d376353883/htdocs/new_website/DEVsubmitinquiry.php on line 45
[22-Feb-2024 20:23:00 UTC] PHP Warning:  Undefined array key "anderes" in /homepages/20/d376353883/htdocs/new_website/DEVsubmitinquiry.php on line 46
[22-Feb-2024 20:23:00 UTC] PHP Deprecated:  Constant FILTER_SANITIZE_STRING is deprecated in /homepages/20/d376353883/htdocs/new_website/DEVsubmitinquiry.php on line 46
[22-Feb-2024 20:23:00 UTC] PHP Warning:  Undefined array key "specialtrans" in /homepages/20/d376353883/htdocs/new_website/DEVsubmitinquiry.php on line 47
[22-Feb-2024 20:23:00 UTC] PHP Deprecated:  Constant FILTER_SANITIZE_STRING is deprecated in /homepages/20/d376353883/htdocs/new_website/DEVsubmitinquiry.php on line 47
[22-Feb-2024 20:23:00 UTC] PHP Warning:  Undefined array key "montage" in /homepages/20/d376353883/htdocs/new_website/DEVsubmitinquiry.php on line 48
[22-Feb-2024 20:23:00 UTC] PHP Deprecated:  Constant FILTER_SANITIZE_STRING is deprecated in /homepages/20/d376353883/htdocs/new_website/DEVsubmitinquiry.php on line 48
[22-Feb-2024 20:23:00 UTC] PHP Warning:  Undefined array key "whatToTransport" in /homepages/20/d376353883/htdocs/new_website/DEVsubmitinquiry.php on line 49
[22-Feb-2024 20:23:00 UTC] PHP Deprecated:  Constant FILTER_SANITIZE_STRING is deprecated in /homepages/20/d376353883/htdocs/new_website/DEVsubmitinquiry.php on line 49
[22-Feb-2024 20:23:00 UTC] PHP Warning:  Undefined array key 0 in /homepages/20/d376353883/htdocs/new_website/DEVsubmitinquiry.php on line 61
[22-Feb-2024 20:23:00 UTC] PHP Fatal error:  Uncaught TypeError: array_keys(): Argument #1 ($array) must be of type array, null given in /homepages/20/d376353883/htdocs/new_website/DEVsubmitinquiry.php:61
Stack trace:
#0 /homepages/20/d376353883/htdocs/new_website/DEVsubmitinquiry.php(61): array_keys()
#1 {main}
  thrown in /homepages/20/d376353883/htdocs/new_website/DEVsubmitinquiry.php on line 61
[22-Feb-2024 20:27:11 UTC] PHP Deprecated:  Constant FILTER_SANITIZE_STRING is deprecated in /homepages/20/d376353883/htdocs/new_website/submitinquiry.php on line 16
[22-Feb-2024 20:27:11 UTC] PHP Deprecated:  Constant FILTER_SANITIZE_STRING is deprecated in /homepages/20/d376353883/htdocs/new_website/submitinquiry.php on line 17
[22-Feb-2024 20:27:11 UTC] PHP Deprecated:  Constant FILTER_SANITIZE_STRING is deprecated in /homepages/20/d376353883/htdocs/new_website/submitinquiry.php on line 19
[22-Feb-2024 20:27:11 UTC] PHP Deprecated:  Constant FILTER_SANITIZE_STRING is deprecated in /homepages/20/d376353883/htdocs/new_website/submitinquiry.php on line 20
[22-Feb-2024 20:27:11 UTC] PHP Deprecated:  Constant FILTER_SANITIZE_STRING is deprecated in /homepages/20/d376353883/htdocs/new_website/submitinquiry.php on line 21
[22-Feb-2024 20:27:11 UTC] PHP Deprecated:  Constant FILTER_SANITIZE_STRING is deprecated in /homepages/20/d376353883/htdocs/new_website/submitinquiry.php on line 22
[22-Feb-2024 20:27:11 UTC] PHP Deprecated:  Constant FILTER_SANITIZE_STRING is deprecated in /homepages/20/d376353883/htdocs/new_website/submitinquiry.php on line 23
[22-Feb-2024 20:27:11 UTC] PHP Deprecated:  Constant FILTER_SANITIZE_STRING is deprecated in /homepages/20/d376353883/htdocs/new_website/submitinquiry.php on line 24
[22-Feb-2024 20:27:11 UTC] PHP Deprecated:  Constant FILTER_SANITIZE_STRING is deprecated in /homepages/20/d376353883/htdocs/new_website/submitinquiry.php on line 25
[22-Feb-2024 20:27:11 UTC] PHP Warning:  Undefined array key "parkingOldAlternative" in /homepages/20/d376353883/htdocs/new_website/submitinquiry.php on line 26
[22-Feb-2024 20:27:11 UTC] PHP Deprecated:  Constant FILTER_SANITIZE_STRING is deprecated in /homepages/20/d376353883/htdocs/new_website/submitinquiry.php on line 26
[22-Feb-2024 20:27:11 UTC] PHP Deprecated:  Constant FILTER_SANITIZE_STRING is deprecated in /homepages/20/d376353883/htdocs/new_website/submitinquiry.php on line 27
[22-Feb-2024 20:27:11 UTC] PHP Deprecated:  Constant FILTER_SANITIZE_STRING is deprecated in /homepages/20/d376353883/htdocs/new_website/submitinquiry.php on line 28
[22-Feb-2024 20:27:11 UTC] PHP Deprecated:  Constant FILTER_SANITIZE_STRING is deprecated in /homepages/20/d376353883/htdocs/new_website/submitinquiry.php on line 29
[22-Feb-2024 20:27:11 UTC] PHP Warning:  Undefined array key "strasseNeu" in /homepages/20/d376353883/htdocs/new_website/submitinquiry.php on line 30
[22-Feb-2024 20:27:11 UTC] PHP Deprecated:  Constant FILTER_SANITIZE_STRING is deprecated in /homepages/20/d376353883/htdocs/new_website/submitinquiry.php on line 30
[22-Feb-2024 20:27:11 UTC] PHP Deprecated:  Constant FILTER_SANITIZE_STRING is deprecated in /homepages/20/d376353883/htdocs/new_website/submitinquiry.php on line 31
[22-Feb-2024 20:27:11 UTC] PHP Deprecated:  Constant FILTER_SANITIZE_STRING is deprecated in /homepages/20/d376353883/htdocs/new_website/submitinquiry.php on line 32
[22-Feb-2024 20:27:11 UTC] PHP Deprecated:  Constant FILTER_SANITIZE_STRING is deprecated in /homepages/20/d376353883/htdocs/new_website/submitinquiry.php on line 33
[22-Feb-2024 20:27:11 UTC] PHP Deprecated:  Constant FILTER_SANITIZE_STRING is deprecated in /homepages/20/d376353883/htdocs/new_website/submitinquiry.php on line 34
[22-Feb-2024 20:27:11 UTC] PHP Deprecated:  Constant FILTER_SANITIZE_STRING is deprecated in /homepages/20/d376353883/htdocs/new_website/submitinquiry.php on line 35
[22-Feb-2024 20:27:11 UTC] PHP Warning:  Undefined array key "parkingNeuAlternative" in /homepages/20/d376353883/htdocs/new_website/submitinquiry.php on line 36
[22-Feb-2024 20:27:11 UTC] PHP Deprecated:  Constant FILTER_SANITIZE_STRING is deprecated in /homepages/20/d376353883/htdocs/new_website/submitinquiry.php on line 36
[22-Feb-2024 20:27:11 UTC] PHP Deprecated:  Constant FILTER_SANITIZE_STRING is deprecated in /homepages/20/d376353883/htdocs/new_website/submitinquiry.php on line 37
[22-Feb-2024 20:27:11 UTC] PHP Deprecated:  Constant FILTER_SANITIZE_STRING is deprecated in /homepages/20/d376353883/htdocs/new_website/submitinquiry.php on line 38
[22-Feb-2024 20:27:11 UTC] PHP Deprecated:  Constant FILTER_SANITIZE_STRING is deprecated in /homepages/20/d376353883/htdocs/new_website/submitinquiry.php on line 39
[22-Feb-2024 20:27:11 UTC] PHP Deprecated:  Constant FILTER_SANITIZE_STRING is deprecated in /homepages/20/d376353883/htdocs/new_website/submitinquiry.php on line 40
[22-Feb-2024 20:27:11 UTC] PHP Deprecated:  Constant FILTER_SANITIZE_STRING is deprecated in /homepages/20/d376353883/htdocs/new_website/submitinquiry.php on line 41
[22-Feb-2024 20:27:11 UTC] PHP Deprecated:  Constant FILTER_SANITIZE_STRING is deprecated in /homepages/20/d376353883/htdocs/new_website/submitinquiry.php on line 44
[22-Feb-2024 20:27:11 UTC] PHP Deprecated:  Constant FILTER_SANITIZE_STRING is deprecated in /homepages/20/d376353883/htdocs/new_website/submitinquiry.php on line 45
[22-Feb-2024 20:27:11 UTC] PHP Deprecated:  Constant FILTER_SANITIZE_STRING is deprecated in /homepages/20/d376353883/htdocs/new_website/submitinquiry.php on line 46
[22-Feb-2024 20:27:11 UTC] PHP Deprecated:  Constant FILTER_SANITIZE_STRING is deprecated in /homepages/20/d376353883/htdocs/new_website/submitinquiry.php on line 47
[22-Feb-2024 20:27:11 UTC] PHP Deprecated:  Constant FILTER_SANITIZE_STRING is deprecated in /homepages/20/d376353883/htdocs/new_website/submitinquiry.php on line 48
[22-Feb-2024 20:27:11 UTC] PHP Deprecated:  Constant FILTER_SANITIZE_STRING is deprecated in /homepages/20/d376353883/htdocs/new_website/submitinquiry.php on line 49
[23-Feb-2024 14:27:33 UTC] PHP Notice:  session_start(): ps_files_cleanup_dir: opendir(/tmp/.priv) failed: Permission denied (13) in /homepages/20/d376353883/htdocs/new_website/anfrage.php on line 3
[23-Feb-2024 14:34:06 UTC] PHP Deprecated:  Constant FILTER_SANITIZE_STRING is deprecated in /homepages/20/d376353883/htdocs/new_website/submitinquiry.php on line 16
[23-Feb-2024 14:34:06 UTC] PHP Deprecated:  Constant FILTER_SANITIZE_STRING is deprecated in /homepages/20/d376353883/htdocs/new_website/submitinquiry.php on line 17
[23-Feb-2024 14:34:06 UTC] PHP Deprecated:  Constant FILTER_SANITIZE_STRING is deprecated in /homepages/20/d376353883/htdocs/new_website/submitinquiry.php on line 19
[23-Feb-2024 14:34:06 UTC] PHP Deprecated:  Constant FILTER_SANITIZE_STRING is deprecated in /homepages/20/d376353883/htdocs/new_website/submitinquiry.php on line 20
[23-Feb-2024 14:34:06 UTC] PHP Deprecated:  Constant FILTER_SANITIZE_STRING is deprecated in /homepages/20/d376353883/htdocs/new_website/submitinquiry.php on line 21
[23-Feb-2024 14:34:06 UTC] PHP Deprecated:  Constant FILTER_SANITIZE_STRING is deprecated in /homepages/20/d376353883/htdocs/new_website/submitinquiry.php on line 22
[23-Feb-2024 14:34:06 UTC] PHP Deprecated:  Constant FILTER_SANITIZE_STRING is deprecated in /homepages/20/d376353883/htdocs/new_website/submitinquiry.php on line 23
[23-Feb-2024 14:34:06 UTC] PHP Deprecated:  Constant FILTER_SANITIZE_STRING is deprecated in /homepages/20/d376353883/htdocs/new_website/submitinquiry.php on line 24
[23-Feb-2024 14:34:06 UTC] PHP Deprecated:  Constant FILTER_SANITIZE_STRING is deprecated in /homepages/20/d376353883/htdocs/new_website/submitinquiry.php on line 25
[23-Feb-2024 14:34:06 UTC] PHP Warning:  Undefined array key "parkingOldAlternative" in /homepages/20/d376353883/htdocs/new_website/submitinquiry.php on line 26
[23-Feb-2024 14:34:06 UTC] PHP Deprecated:  Constant FILTER_SANITIZE_STRING is deprecated in /homepages/20/d376353883/htdocs/new_website/submitinquiry.php on line 26
[23-Feb-2024 14:34:06 UTC] PHP Deprecated:  Constant FILTER_SANITIZE_STRING is deprecated in /homepages/20/d376353883/htdocs/new_website/submitinquiry.php on line 27
[23-Feb-2024 14:34:06 UTC] PHP Deprecated:  Constant FILTER_SANITIZE_STRING is deprecated in /homepages/20/d376353883/htdocs/new_website/submitinquiry.php on line 28
[23-Feb-2024 14:34:06 UTC] PHP Deprecated:  Constant FILTER_SANITIZE_STRING is deprecated in /homepages/20/d376353883/htdocs/new_website/submitinquiry.php on line 29
[23-Feb-2024 14:34:06 UTC] PHP Warning:  Undefined array key "strasseNeu" in /homepages/20/d376353883/htdocs/new_website/submitinquiry.php on line 30
[23-Feb-2024 14:34:06 UTC] PHP Deprecated:  Constant FILTER_SANITIZE_STRING is deprecated in /homepages/20/d376353883/htdocs/new_website/submitinquiry.php on line 30
[23-Feb-2024 14:34:06 UTC] PHP Deprecated:  Constant FILTER_SANITIZE_STRING is deprecated in /homepages/20/d376353883/htdocs/new_website/submitinquiry.php on line 31
[23-Feb-2024 14:34:06 UTC] PHP Deprecated:  Constant FILTER_SANITIZE_STRING is deprecated in /homepages/20/d376353883/htdocs/new_website/submitinquiry.php on line 32
[23-Feb-2024 14:34:06 UTC] PHP Deprecated:  Constant FILTER_SANITIZE_STRING is deprecated in /homepages/20/d376353883/htdocs/new_website/submitinquiry.php on line 33
[23-Feb-2024 14:34:06 UTC] PHP Deprecated:  Constant FILTER_SANITIZE_STRING is deprecated in /homepages/20/d376353883/htdocs/new_website/submitinquiry.php on line 34
[23-Feb-2024 14:34:06 UTC] PHP Deprecated:  Constant FILTER_SANITIZE_STRING is deprecated in /homepages/20/d376353883/htdocs/new_website/submitinquiry.php on line 35
[23-Feb-2024 14:34:06 UTC] PHP Warning:  Undefined array key "parkingNeuAlternative" in /homepages/20/d376353883/htdocs/new_website/submitinquiry.php on line 36
[23-Feb-2024 14:34:06 UTC] PHP Deprecated:  Constant FILTER_SANITIZE_STRING is deprecated in /homepages/20/d376353883/htdocs/new_website/submitinquiry.php on line 36
[23-Feb-2024 14:34:06 UTC] PHP Deprecated:  Constant FILTER_SANITIZE_STRING is deprecated in /homepages/20/d376353883/htdocs/new_website/submitinquiry.php on line 37
[23-Feb-2024 14:34:06 UTC] PHP Deprecated:  Constant FILTER_SANITIZE_STRING is deprecated in /homepages/20/d376353883/htdocs/new_website/submitinquiry.php on line 38
[23-Feb-2024 14:34:06 UTC] PHP Deprecated:  Constant FILTER_SANITIZE_STRING is deprecated in /homepages/20/d376353883/htdocs/new_website/submitinquiry.php on line 39
[23-Feb-2024 14:34:06 UTC] PHP Deprecated:  Constant FILTER_SANITIZE_STRING is deprecated in /homepages/20/d376353883/htdocs/new_website/submitinquiry.php on line 40
[23-Feb-2024 14:34:06 UTC] PHP Deprecated:  Constant FILTER_SANITIZE_STRING is deprecated in /homepages/20/d376353883/htdocs/new_website/submitinquiry.php on line 41
[23-Feb-2024 14:34:06 UTC] PHP Deprecated:  Constant FILTER_SANITIZE_STRING is deprecated in /homepages/20/d376353883/htdocs/new_website/submitinquiry.php on line 44
[23-Feb-2024 14:34:06 UTC] PHP Warning:  Undefined array key "zerbrechlich" in /homepages/20/d376353883/htdocs/new_website/submitinquiry.php on line 45
[23-Feb-2024 14:34:06 UTC] PHP Deprecated:  Constant FILTER_SANITIZE_STRING is deprecated in /homepages/20/d376353883/htdocs/new_website/submitinquiry.php on line 45
[23-Feb-2024 14:34:06 UTC] PHP Warning:  Undefined array key "anderes" in /homepages/20/d376353883/htdocs/new_website/submitinquiry.php on line 46
[23-Feb-2024 14:34:06 UTC] PHP Deprecated:  Constant FILTER_SANITIZE_STRING is deprecated in /homepages/20/d376353883/htdocs/new_website/submitinquiry.php on line 46
[23-Feb-2024 14:34:06 UTC] PHP Warning:  Undefined array key "specialtrans" in /homepages/20/d376353883/htdocs/new_website/submitinquiry.php on line 47
[23-Feb-2024 14:34:06 UTC] PHP Deprecated:  Constant FILTER_SANITIZE_STRING is deprecated in /homepages/20/d376353883/htdocs/new_website/submitinquiry.php on line 47
[23-Feb-2024 14:34:06 UTC] PHP Warning:  Undefined array key "montage" in /homepages/20/d376353883/htdocs/new_website/submitinquiry.php on line 48
[23-Feb-2024 14:34:06 UTC] PHP Deprecated:  Constant FILTER_SANITIZE_STRING is deprecated in /homepages/20/d376353883/htdocs/new_website/submitinquiry.php on line 48
[23-Feb-2024 14:34:06 UTC] PHP Deprecated:  Constant FILTER_SANITIZE_STRING is deprecated in /homepages/20/d376353883/htdocs/new_website/submitinquiry.php on line 49
[13-Mar-2024 16:23:56 UTC] PHP Notice:  session_start(): ps_files_cleanup_dir: opendir(/tmp/.priv) failed: Permission denied (13) in /homepages/20/d376353883/htdocs/new_website/anfrage.php on line 3
[14-Apr-2024 14:16:33 UTC] PHP Deprecated:  Constant FILTER_SANITIZE_STRING is deprecated in /homepages/20/d376353883/htdocs/new_website/submitinquiry.php on line 16
[14-Apr-2024 14:16:33 UTC] PHP Deprecated:  Constant FILTER_SANITIZE_STRING is deprecated in /homepages/20/d376353883/htdocs/new_website/submitinquiry.php on line 17
[14-Apr-2024 14:16:33 UTC] PHP Deprecated:  Constant FILTER_SANITIZE_STRING is deprecated in /homepages/20/d376353883/htdocs/new_website/submitinquiry.php on line 19
[14-Apr-2024 14:16:33 UTC] PHP Deprecated:  Constant FILTER_SANITIZE_STRING is deprecated in /homepages/20/d376353883/htdocs/new_website/submitinquiry.php on line 20
[14-Apr-2024 14:16:33 UTC] PHP Deprecated:  Constant FILTER_SANITIZE_STRING is deprecated in /homepages/20/d376353883/htdocs/new_website/submitinquiry.php on line 21
[14-Apr-2024 14:16:33 UTC] PHP Deprecated:  Constant FILTER_SANITIZE_STRING is deprecated in /homepages/20/d376353883/htdocs/new_website/submitinquiry.php on line 22
[14-Apr-2024 14:16:33 UTC] PHP Deprecated:  Constant FILTER_SANITIZE_STRING is deprecated in /homepages/20/d376353883/htdocs/new_website/submitinquiry.php on line 23
[14-Apr-2024 14:16:33 UTC] PHP Deprecated:  Constant FILTER_SANITIZE_STRING is deprecated in /homepages/20/d376353883/htdocs/new_website/submitinquiry.php on line 24
[14-Apr-2024 14:16:33 UTC] PHP Deprecated:  Constant FILTER_SANITIZE_STRING is deprecated in /homepages/20/d376353883/htdocs/new_website/submitinquiry.php on line 25
[14-Apr-2024 14:16:33 UTC] PHP Warning:  Undefined array key "parkingOldAlternative" in /homepages/20/d376353883/htdocs/new_website/submitinquiry.php on line 26
[14-Apr-2024 14:16:33 UTC] PHP Deprecated:  Constant FILTER_SANITIZE_STRING is deprecated in /homepages/20/d376353883/htdocs/new_website/submitinquiry.php on line 26
[14-Apr-2024 14:16:33 UTC] PHP Deprecated:  Constant FILTER_SANITIZE_STRING is deprecated in /homepages/20/d376353883/htdocs/new_website/submitinquiry.php on line 27
[14-Apr-2024 14:16:33 UTC] PHP Deprecated:  Constant FILTER_SANITIZE_STRING is deprecated in /homepages/20/d376353883/htdocs/new_website/submitinquiry.php on line 28
[14-Apr-2024 14:16:33 UTC] PHP Deprecated:  Constant FILTER_SANITIZE_STRING is deprecated in /homepages/20/d376353883/htdocs/new_website/submitinquiry.php on line 29
[14-Apr-2024 14:16:33 UTC] PHP Warning:  Undefined array key "strasseNeu" in /homepages/20/d376353883/htdocs/new_website/submitinquiry.php on line 30
[14-Apr-2024 14:16:33 UTC] PHP Deprecated:  Constant FILTER_SANITIZE_STRING is deprecated in /homepages/20/d376353883/htdocs/new_website/submitinquiry.php on line 30
[14-Apr-2024 14:16:33 UTC] PHP Deprecated:  Constant FILTER_SANITIZE_STRING is deprecated in /homepages/20/d376353883/htdocs/new_website/submitinquiry.php on line 31
[14-Apr-2024 14:16:33 UTC] PHP Deprecated:  Constant FILTER_SANITIZE_STRING is deprecated in /homepages/20/d376353883/htdocs/new_website/submitinquiry.php on line 32
[14-Apr-2024 14:16:33 UTC] PHP Deprecated:  Constant FILTER_SANITIZE_STRING is deprecated in /homepages/20/d376353883/htdocs/new_website/submitinquiry.php on line 33
[14-Apr-2024 14:16:33 UTC] PHP Deprecated:  Constant FILTER_SANITIZE_STRING is deprecated in /homepages/20/d376353883/htdocs/new_website/submitinquiry.php on line 34
[14-Apr-2024 14:16:33 UTC] PHP Deprecated:  Constant FILTER_SANITIZE_STRING is deprecated in /homepages/20/d376353883/htdocs/new_website/submitinquiry.php on line 35
[14-Apr-2024 14:16:33 UTC] PHP Warning:  Undefined array key "parkingNeuAlternative" in /homepages/20/d376353883/htdocs/new_website/submitinquiry.php on line 36
[14-Apr-2024 14:16:33 UTC] PHP Deprecated:  Constant FILTER_SANITIZE_STRING is deprecated in /homepages/20/d376353883/htdocs/new_website/submitinquiry.php on line 36
[14-Apr-2024 14:16:33 UTC] PHP Deprecated:  Constant FILTER_SANITIZE_STRING is deprecated in /homepages/20/d376353883/htdocs/new_website/submitinquiry.php on line 37
[14-Apr-2024 14:16:33 UTC] PHP Deprecated:  Constant FILTER_SANITIZE_STRING is deprecated in /homepages/20/d376353883/htdocs/new_website/submitinquiry.php on line 38
[14-Apr-2024 14:16:33 UTC] PHP Deprecated:  Constant FILTER_SANITIZE_STRING is deprecated in /homepages/20/d376353883/htdocs/new_website/submitinquiry.php on line 39
[14-Apr-2024 14:16:33 UTC] PHP Deprecated:  Constant FILTER_SANITIZE_STRING is deprecated in /homepages/20/d376353883/htdocs/new_website/submitinquiry.php on line 40
[14-Apr-2024 14:16:33 UTC] PHP Deprecated:  Constant FILTER_SANITIZE_STRING is deprecated in /homepages/20/d376353883/htdocs/new_website/submitinquiry.php on line 41
[14-Apr-2024 14:16:33 UTC] PHP Deprecated:  Constant FILTER_SANITIZE_STRING is deprecated in /homepages/20/d376353883/htdocs/new_website/submitinquiry.php on line 44
[14-Apr-2024 14:16:33 UTC] PHP Warning:  Undefined array key "zerbrechlich" in /homepages/20/d376353883/htdocs/new_website/submitinquiry.php on line 45
[14-Apr-2024 14:16:33 UTC] PHP Deprecated:  Constant FILTER_SANITIZE_STRING is deprecated in /homepages/20/d376353883/htdocs/new_website/submitinquiry.php on line 45
[14-Apr-2024 14:16:33 UTC] PHP Warning:  Undefined array key "anderes" in /homepages/20/d376353883/htdocs/new_website/submitinquiry.php on line 46
[14-Apr-2024 14:16:33 UTC] PHP Deprecated:  Constant FILTER_SANITIZE_STRING is deprecated in /homepages/20/d376353883/htdocs/new_website/submitinquiry.php on line 46
[14-Apr-2024 14:16:33 UTC] PHP Deprecated:  Constant FILTER_SANITIZE_STRING is deprecated in /homepages/20/d376353883/htdocs/new_website/submitinquiry.php on line 47
[14-Apr-2024 14:16:33 UTC] PHP Warning:  Undefined array key "montage" in /homepages/20/d376353883/htdocs/new_website/submitinquiry.php on line 48
[14-Apr-2024 14:16:33 UTC] PHP Deprecated:  Constant FILTER_SANITIZE_STRING is deprecated in /homepages/20/d376353883/htdocs/new_website/submitinquiry.php on line 48
[14-Apr-2024 14:16:33 UTC] PHP Deprecated:  Constant FILTER_SANITIZE_STRING is deprecated in /homepages/20/d376353883/htdocs/new_website/submitinquiry.php on line 49
